<?xml version="1.0" encoding="UTF-8"?>
<!-- Generated by org.testng.reporters.JUnitXMLReporter -->
<testsuite ignored="0" hostname="DESKTOP-AOU4GD0" failures="1" tests="1" name="AddContactInformation" time="0.028" errors="0" timestamp="27 Apr 2019 17:29:54 GMT">
  <testcase classname="test.AddContactTest" name="AddContactInformation" time="0.0">
    <failure type="org.testng.TestNGException" message="
Method AddContactInformation requires 10 parameters but 11 were supplied in the @Test annotation.">
      <![CDATA[org.testng.TestNGException: 
Method AddContactInformation requires 10 parameters but 11 were supplied in the @Test annotation.
... Removed 24 stack frames]]>
    </failure>
  </testcase> <!-- AddContactInformation -->
</testsuite> <!-- AddContactInformation -->
